<?xml version="1.0" encoding="UTF-8"?>
<!-- Generated by org.testng.reporters.JUnitXMLReporter -->
<testsuite hostname="4J49RN2" name="Command line test" tests="2" failures="0" timestamp="15 Sep 2020 15:56:06 GMT" time="0.022" errors="0">
  <testcase name="exampleOfTestNgMaven" time="0.006" classname="com.javacodegeeks.testng.maven.TestNgMavenExample"/>
  <testcase name="oneMoreTest" time="0.001" classname="com.javacodegeeks.testng.maven.TestNgMavenSecondClass"/>
</testsuite> <!-- Command line test -->
