<?xml version="1.0" encoding="UTF-8"?>
<testng-results skipped="0" failed="0" total="2" passed="2">
  <reporter-output>
  </reporter-output>
  <suite name="Command line suite" duration-ms="22" started-at="2020-09-15T15:56:06Z" finished-at="2020-09-15T15:56:06Z">
    <groups>
    </groups>
    <test name="Command line test" duration-ms="22" started-at="2020-09-15T15:56:06Z" finished-at="2020-09-15T15:56:06Z">
      <class name="com.javacodegeeks.testng.maven.TestNgMavenExample">
        <test-method status="PASS" signature="exampleOfTestNgMaven()[pri:0, instance:com.javacodegeeks.testng.maven.TestNgMavenExample@d041cf]" name="exampleOfTestNgMaven" duration-ms="6" started-at="2020-09-15T10:56:06Z" finished-at="2020-09-15T10:56:06Z">
          <reporter-output>
          </reporter-output>
        </test-method> <!-- exampleOfTestNgMaven -->
      </class> <!-- com.javacodegeeks.testng.maven.TestNgMavenExample -->
      <class name="com.javacodegeeks.testng.maven.TestNgMavenSecondClass">
        <test-method status="PASS" signature="oneMoreTest()[pri:0, instance:com.javacodegeeks.testng.maven.TestNgMavenSecondClass@45c8e616]" name="oneMoreTest" duration-ms="1" started-at="2020-09-15T10:56:06Z" finished-at="2020-09-15T10:56:06Z">
          <reporter-output>
          </reporter-output>
        </test-method> <!-- oneMoreTest -->
      </class> <!-- com.javacodegeeks.testng.maven.TestNgMavenSecondClass -->
    </test> <!-- Command line test -->
  </suite> <!-- Command line suite -->
</testng-results>
